strain, stress out MPa, stress in MPa, strain rate 1/s
-0,-1.5062,30.315,3.7778,7.3843e-06,5.1886e-06,-6.2467e-07
1.2649e-06,-0.448,31.007,3.888,7.7884e-06,5.0716e-06,-1.8581e-07
2.5389e-06,0.31637,31.648,3.8334,8.0595e-06,5.0665e-06,1.3121e-07
3.7976e-06,0.5383,32.143,3.7952,8.1939e-06,5.1373e-06,2.2326e-07
5.0779e-06,0.17112,32.189,3.9638,8.1902e-06,5.1601e-06,7.0974e-08
6.4686e-06,-0.62309,31.403,4.4647,8.0495e-06,4.9748e-06,-2.5843e-07
8.0805e-06,-1.5345,29.508,5.3046,7.7811e-06,4.4574e-06,-6.3643e-07
1.0004e-05,-2.2125,26.506,6.3545,7.4098e-06,3.5835e-06,-9.1765e-07
1.227e-05,-2.3841,22.763,7.3788,6.9804e-06,2.4606e-06,-9.8882e-07
1.4824e-05,-1.9444,18.967,8.0997,6.5535e-06,1.3132e-06,-8.0646e-07
1.7527e-05,-0.99278,15.956,8.2815,6.1943e-06,4.2351e-07,-4.1176e-07
2.0182e-05,0.19699,14.465,7.8071,5.9549e-06,4.4766e-08,8.1704e-08
2.258e-05,1.2606,14.889,6.7269,5.8601e-06,3.1527e-07,5.2286e-07
2.4558e-05,1.8546,17.13,5.2618,5.901e-06,1.2036e-06,7.6923e-07
2.6047e-05,1.7591,20.606,3.7616,6.0423e-06,2.5044e-06,7.2961e-07
2.7101e-05,0.94103,24.424,2.6265,6.2406e-06,3.8894e-06,3.903e-07
2.79e-05,-0.44046,27.651,2.2144,6.4695e-06,4.999e-06,-1.8268e-07
2.872e-05,-2.0859,29.621,2.7575,6.7396e-06,5.5461e-06,-8.6515e-07
2.9887e-05,-3.6466,30.147,4.3109,7.1048e-06,5.399e-06,-1.5125e-06
3.1711e-05,-4.8251,29.575,6.7453,7.6506e-06,4.6161e-06,-2.0012e-06
3.4439e-05,-5.4538,28.657,9.7866,8.4649e-06,3.4207e-06,-2.262e-06
3.8214e-05,-5.5297,28.267,13.09,9.6013e-06,2.1227e-06,-2.2935e-06
4.3068e-05,-5.1956,29.08,16.329,1.1049e-05,1.0129e-06,-2.1549e-06
4.8944e-05,-4.6789,31.299,19.282,1.2718e-05,2.6373e-07,-1.9406e-06
5.5737e-05,-4.2081,34.542,21.881,1.4459e-05,-1.3146e-07,-1.7454e-06
6.3346e-05,-3.9359,37.936,24.231,1.6096e-05,-3.612e-07,-1.6325e-06
7.173e-05,-3.8924,40.381,26.578,1.7488e-05,-7.3892e-07,-1.6145e-06
8.0941e-05,-3.9815,40.913,29.244,1.8575e-05,-1.6052e-06,-1.6515e-06
9.1138e-05,-4.0199,39.038,32.55,1.9413e-05,-3.2204e-06,-1.6674e-06
0.00010257,-3.8029,34.92,36.737,2.0166e-05,-5.6819e-06,-1.5774e-06
0.00011555,-3.1751,29.373,41.906,2.1076e-05,-8.8922e-06,-1.317e-06
0.00013039,-2.0834,23.631,48.009,2.2389e-05,-1.2587e-05,-8.6421e-07
0.00014736,-0.5946,18.995,54.86,2.4294e-05,-1.6415e-05,-2.4664e-07
0.00016668,1.1253,16.452,62.2,2.6863e-05,-2.0039e-05,4.6678e-07
0.00018846,2.8626,16.393,69.766,3.0036e-05,-2.3235e-05,1.1875e-06
0.00021274,4.4226,18.537,77.369,3.3642e-05,-2.5952e-05,1.8346e-06
0.00023953,5.689,22.052,84.949,3.7463e-05,-2.8315e-05,2.3601e-06
0.00026883,6.661,25.86,92.604,4.1313e-05,-3.0584e-05,2.7633e-06
0.00030072,7.457,29.003,100.57,4.5104e-05,-3.3071e-05,3.0937e-06
0.00033534,8.2881,30.947,109.18,4.8894e-05,-3.6055e-05,3.4386e-06
0.00037297,9.4091,31.738,118.79,5.2879e-05,-3.9711e-05,3.9039e-06
0.00041399,11.063,31.947,129.71,5.7342e-05,-4.4086e-05,4.5902e-06
0.00045886,13.434,32.445,142.15,6.2579e-05,-4.9116e-05,5.5741e-06
0.00050811,16.618,34.078,156.18,6.8815e-05,-5.4674e-05,6.8956e-06
0.00056225,20.618,37.362,171.75,7.6141e-05,-6.0637e-05,8.556e-06
0.00062177,25.357,42.308,188.75,8.4496e-05,-6.6938e-05,1.0523e-05
0.00068711,30.705,48.428,207.01,9.3692e-05,-7.3593e-05,1.2743e-05
0.00075867,36.506,54.911,226.4,0.00010348,-8.0691e-05,1.5152e-05
0.00083683,42.614,60.919,246.87,0.00011364,-8.8351e-05,1.7689e-05
0.00092192,48.905,65.886,268.41,0.00012402,-9.6667e-05,2.0302e-05
0.0010143,55.302,69.72,291.1,0.00013461,-0.00010567,2.296e-05
0.0011144,61.786,72.842,314.98,0.00014552,-0.00011528,2.5654e-05
0.0012226,68.405,76.056,340.06,0.00015693,-0.00012535,2.8405e-05
0.0013393,75.28,80.295,366.27,0.00016902,-0.00013568,3.1264e-05
0.0014649,82.609,86.338,393.38,0.00018192,-0.00014606,3.4312e-05
0.0015995,90.652,94.592,421.09,0.00019566,-0.00015636,3.7658e-05
0.0017433,99.708,105.02,449.05,0.00021015,-0.00016651,4.1426e-05
0.0018963,110.08,117.2,476.89,0.00022523,-0.00017653,4.574e-05
0.0020585,122.01,130.56,504.35,0.00024074,-0.00018648,5.0706e-05
0.0022298,135.65,144.57,531.26,0.00025654,-0.00019645,5.6388e-05
0.0024099,151.06,158.99,557.59,0.00027258,-0.00020648,6.2801e-05
0.0025986,168.11,173.91,583.41,0.00028888,-0.00021656,6.9904e-05
0.0027959,186.6,189.7,608.83,0.00030551,-0.00022661,7.7608e-05
0.0030015,206.25,206.85,633.93,0.00032255,-0.0002365,8.5798e-05
0.0032154,226.78,225.74,658.7,0.00034002,-0.00024609,9.4359e-05
0.0034376,247.97,246.48,683.03,0.00035784,-0.00025527,0.0001032
0.0036677,269.72,268.81,706.66,0.00037587,-0.00026397,0.00011228
0.0039055,292.05,292.2,729.29,0.00039386,-0.00027219,0.0001216
0.0041507,315.07,315.99,750.61,0.00041159,-0.00027999,0.00013122
0.0044027,338.96,339.6,770.37,0.00042889,-0.00028742,0.0001412
0.0046611,363.87,362.69,788.43,0.00044567,-0.00029455,0.00015162
0.0049252,389.86,385.26,804.81,0.00046195,-0.00030137,0.00016249
0.0051946,416.83,407.57,819.65,0.0004778,-0.00030788,0.00017378
0.0054688,444.53,429.96,833.16,0.00049334,-0.00031403,0.00018538
0.0057474,472.54,452.67,845.59,0.00050861,-0.00031978,0.00019712
0.00603,500.34,475.67,857.19,0.00052359,-0.00032511,0.00020877
0.0063164,527.34,498.58,868.17,0.00053816,-0.00033007,0.0002201
0.0066065,553,520.78,878.71,0.00055215,-0.00033473,0.00023087
0.0069002,576.86,541.56,889.01,0.00056538,-0.00033921,0.00024091
0.0071973,598.56,560.37,899.31,0.00057775,-0.00034366,0.00025004
0.0074981,617.89,577,909.91,0.0005893,-0.00034819,0.0002582
0.0078025,634.75,591.68,921.18,0.00060017,-0.00035285,0.00026532
0.008111,649.15,604.97,933.54,0.00061065,-0.0003577,0.00027142
0.0084239,661.17,617.6,947.33,0.00062104,-0.00036272,0.00027654
0.0087418,670.99,630.16,962.81,0.00063158,-0.00036793,0.00028073
0.0090652,678.8,642.9,980.09,0.00064242,-0.00037335,0.00028409
0.0093948,684.86,655.58,999.06,0.00065352,-0.00037905,0.00028672
0.0097311,689.45,667.52,1019.5,0.00066469,-0.00038513,0.00028874
0.010074,692.88,677.8,1041,0.00067569,-0.00039173,0.00029028
0.010425,695.44,685.56,1063.3,0.00068627,-0.00039896,0.00029145
0.010784,697.36,690.3,1086.1,0.0006963,-0.00040689,0.00029236
0.01115,698.84,692.1,1109.4,0.0007058,-0.00041553,0.00029309
0.011524,699.97,691.63,1133.4,0.000715,-0.00042482,0.00029367
0.011907,700.78,690.01,1158.3,0.00072425,-0.00043464,0.00029413
0.012298,701.26,688.51,1184.6,0.00073393,-0.00044484,0.00029444
0.012699,701.36,688.22,1212.3,0.00074438,-0.0004553,0.0002946
0.013109,701.09,689.74,1241.8,0.00075578,-0.00046593,0.00029461
0.013529,700.52,693.08,1273,0.0007681,-0.00047673,0.0002945
0.013961,699.79,697.69,1305.4,0.00078114,-0.0004877,0.00029432
0.014403,699.13,702.69,1338.6,0.00079457,-0.00049891,0.00029417
0.014857,698.78,707.2,1372,0.00080806,-0.00051036,0.00029415
0.015322,698.99,710.6,1405.1,0.0008213,-0.00052203,0.00029438
0.015798,699.94,712.79,1437.4,0.00083417,-0.00053383,0.00029492
0.016286,701.67,714.16,1468.7,0.00084666,-0.0005456,0.00029579
0.016784,704.14,715.47,1499,0.00085889,-0.00055713,0.00029698
0.017292,707.15,717.57,1528.2,0.00087104,-0.00056824,0.0002984
0.01781,710.43,721.07,1556.6,0.00088322,-0.00057878,0.00029994
0.018337,713.7,726.17,1584.2,0.00089544,-0.00058869,0.00030148
0.018874,716.65,732.52,1611,0.00090757,-0.00059797,0.00030289
0.019421,719.07,739.34,1636.8,0.00091935,-0.0006067,0.00030408
0.019976,720.81,745.6,1661.5,0.00093044,-0.00061496,0.00030499
0.020539,721.83,750.36,1684.7,0.0009405,-0.00062283,0.00030559
0.02111,722.15,753.01,1706.1,0.00094928,-0.0006303,0.0003059
0.021689,721.89,753.45,1725.3,0.00095665,-0.00063731,0.00030597
0.022274,721.19,752.05,1742,0.00096263,-0.00064369,0.00030585
0.022864,720.24,749.54,1756,0.00096731,-0.00064925,0.00030562
0.023459,719.22,746.8,1767.2,0.00097088,-0.00065379,0.00030537
0.024057,718.32,744.54,1775.4,0.00097346,-0.00065714,0.00030518
0.024659,717.73,743.18,1780.5,0.00097514,-0.00065922,0.00030511
0.025261,717.57,742.73,1782.5,0.00097594,-0.00066002,0.00030522
0.025865,717.91,742.89,1781.4,0.0009758,-0.00065962,0.00030555
0.026467,718.75,743.17,1777.2,0.00097466,-0.00065817,0.00030609
0.027069,720,743.13,1770.1,0.00097248,-0.00065581,0.00030681
0.027667,721.47,742.53,1760.6,0.0009693,-0.0006527,0.00030762
0.028263,722.98,741.39,1749.1,0.00096526,-0.00064895,0.00030845
0.028855,724.31,740.07,1736,0.00096056,-0.00064464,0.0003092
0.029442,725.31,739.05,1721.9,0.00095549,-0.00063981,0.00030981
0.030025,725.92,738.83,1707.3,0.0009503,-0.00063454,0.00031025
0.030603,726.22,739.78,1692.5,0.00094524,-0.00062888,0.00031056
0.031177,726.37,741.98,1677.9,0.00094045,-0.00062298,0.0003108
0.031746,726.58,745.24,1663.6,0.00093605,-0.000617,0.00031107
0.03231,727.09,749.18,1650,0.00093208,-0.00061115,0.00031146
0.032871,728.03,753.29,1637.1,0.00092855,-0.00060569,0.00031204
0.033427,729.42,757.12,1625.5,0.00092551,-0.00060082,0.00031281
0.03398,731.16,760.36,1615.5,0.000923,-0.00059674,0.00031373
0.03453,733.03,762.9,1607.4,0.00092112,-0.00059359,0.0003147
0.035079,734.74,764.82,1601.7,0.00091996,-0.00059142,0.00031561
0.035626,736.07,766.32,1598.7,0.0009196,-0.00059025,0.00031636
0.036173,736.89,767.64,1598.3,0.00092011,-0.00059001,0.00031688
0.03672,737.23,768.95,1600.6,0.00092147,-0.00059063,0.0003172
0.037269,737.25,770.34,1605,0.00092362,-0.000592,0.00031738
0.03782,737.26,771.81,1611.3,0.00092645,-0.00059401,0.00031756
0.038373,737.56,773.25,1618.8,0.00092982,-0.00059657,0.00031787
0.03893,738.43,774.57,1627.1,0.00093356,-0.00059956,0.00031842
0.03949,739.96,775.67,1635.7,0.00093752,-0.00060286,0.00031926
0.040053,742.11,776.54,1644.3,0.00094158,-0.00060635,0.00032036
0.04062,744.64,777.22,1652.7,0.0009456,-0.00060989,0.00032164
0.041189,747.24,777.78,1660.8,0.00094946,-0.00061332,0.00032294
0.041762,749.53,778.3,1668.2,0.00095304,-0.00061648,0.00032412
0.042337,751.26,778.83,1674.9,0.00095621,-0.00061922,0.00032506
0.042915,752.27,779.4,1680.6,0.00095887,-0.00062144,0.00032568
0.043495,752.61,780,1685,0.00096092,-0.00062304,0.00032602
0.044076,752.45,780.58,1688,0.00096232,-0.00062398,0.00032614
0.044659,752.06,781.13,1689.4,0.00096306,-0.00062429,0.00032616
0.045242,751.72,781.64,1689.1,0.00096318,-0.000624,0.0003262
0.045825,751.64,782.13,1687.2,0.00096275,-0.00062316,0.00032636
0.046407,751.93,782.64,1683.8,0.00096185,-0.00062184,0.00032667
0.046989,752.57,783.21,1679,0.00096054,-0.00062008,0.00032714
0.047568,753.47,783.84,1673.1,0.00095886,-0.00061792,0.00032772
0.048146,754.5,784.51,1666.1,0.00095682,-0.00061539,0.00032836
0.048722,755.56,785.19,1658.2,0.00095443,-0.00061251,0.00032901
0.049295,756.63,785.82,1649.4,0.0009517,-0.00060932,0.00032967
0.049866,757.74,786.34,1639.9,0.00094871,-0.00060591,0.00033034
0.050433,759.02,786.75,1630,0.00094556,-0.00060238,0.00033108
0.050997,760.58,787.07,1620,0.00094243,-0.00059892,0.00033195
0.051558,762.53,787.36,1610.4,0.00093952,-0.00059568,0.00033299
0.052116,764.87,787.72,1601.6,0.00093704,-0.00059286,0.0003342
0.052672,767.55,788.24,1594.3,0.00093517,-0.00059057,0.00033555
0.053226,770.43,789,1588.5,0.00093402,-0.00058889,0.000337
0.053778,773.34,790.07,1584.6,0.0009336,-0.00058781,0.00033846
0.05433,776.14,791.5,1582.3,0.00093386,-0.00058726,0.00033987
0.054881,778.74,793.29,1581.4,0.00093469,-0.00058711,0.0003412
0.055432,781.12,795.46,1581.6,0.00093594,-0.00058723,0.00034243
0.055984,783.35,797.99,1582.5,0.00093752,-0.0005875,0.0003436
0.056537,785.51,800.81,1583.9,0.00093934,-0.00058789,0.00034474
0.057091,787.68,803.84,1585.8,0.00094136,-0.00058839,0.00034588
0.057645,789.9,806.92,1588.1,0.0009436,-0.00058907,0.00034705
0.058201,792.15,809.88,1591.1,0.00094603,-0.00059001,0.00034823
0.058758,794.31,812.49,1594.7,0.00094864,-0.00059127,0.00034938
0.059317,796.27,814.56,1599,0.00095131,-0.00059283,0.00035043
0.059878,797.88,815.95,1603.6,0.00095391,-0.00059462,0.00035134
0.060441,799.09,816.65,1608.2,0.00095625,-0.00059644,0.00035207
0.061006,799.9,816.75,1612.2,0.00095813,-0.00059808,0.00035263
0.061572,800.4,816.44,1615,0.00095942,-0.0005993,0.00035305
0.062139,800.74,816.01,1616.2,0.00096004,-0.00059991,0.0003534
0.062707,801.1,815.72,1615.6,0.00096003,-0.00059982,0.00035376
0.063274,801.64,815.77,1613.3,0.00095951,-0.00059907,0.00035419
0.063841,802.44,816.24,1609.7,0.00095865,-0.0005978,0.00035475
0.064406,803.55,817.06,1605.3,0.00095766,-0.00059624,0.00035544
0.064971,804.92,818.04,1600.8,0.00095667,-0.00059462,0.00035625
0.065534,806.47,818.93,1596.4,0.00095578,-0.00059313,0.00035713
0.066096,808.12,819.51,1592.4,0.00095498,-0.00059186,0.00035807
0.066657,809.81,819.69,1588.7,0.00095422,-0.00059082,0.00035902
0.067217,811.51,819.49,1585.1,0.00095342,-0.00058991,0.00035997
0.067776,813.22,819.12,1581.5,0.00095256,-0.00058901,0.00036093
0.068333,814.96,818.9,1577.6,0.00095164,-0.00058798,0.0003619
0.06889,816.72,819.16,1573.5,0.00095077,-0.0005868,0.00036289
0.069446,818.49,820.16,1569.6,0.00095013,-0.00058551,0.00036388
0.070001,820.2,822.02,1566.3,0.00094992,-0.00058427,0.00036484
0.070555,821.74,824.69,1564.4,0.00095033,-0.00058329,0.00036573
0.071109,823.01,827.92,1564.2,0.00095147,-0.00058279,0.0003665
0.071664,823.92,831.38,1566.1,0.00095334,-0.00058291,0.00036711
0.07222,824.43,834.72,1569.9,0.00095582,-0.00058369,0.00036754
0.072778,824.56,837.65,1575.2,0.00095869,-0.00058505,0.0003678
0.073338,824.39,840.01,1581.4,0.00096169,-0.00058679,0.00036793
0.073901,824.06,841.79,1587.7,0.00096459,-0.00058868,0.00036799
0.074466,823.7,843.11,1593.5,0.00096719,-0.00059048,0.00036804
0.075034,823.46,844.1,1598.5,0.00096942,-0.00059206,0.00036814
0.075603,823.44,844.92,1602.5,0.00097132,-0.00059337,0.00036834
0.076174,823.69,845.59,1605.9,0.00097299,-0.00059452,0.00036866
0.076747,824.25,846.1,1608.9,0.00097457,-0.00059566,0.00036912
0.077321,825.08,846.33,1612,0.00097619,-0.00059696,0.00036971
0.077897,826.16,846.17,1615.5,0.00097791,-0.00059854,0.00037041
0.078474,827.45,845.56,1619.3,0.00097971,-0.00060039,0.0003712
0.079053,828.89,844.6,1623.2,0.00098147,-0.00060236,0.00037206
0.079633,830.43,843.48,1626.5,0.00098304,-0.00060421,0.00037297
0.080215,832.01,842.53,1628.8,0.00098426,-0.00060564,0.0003739
0.080798,833.59,842.07,1629.6,0.00098501,-0.00060638,0.00037482
0.081381,835.1,842.39,1628.5,0.00098525,-0.00060625,0.00037572
0.081963,836.5,843.59,1625.8,0.00098503,-0.00060527,0.00037657
0.082545,837.76,845.57,1621.8,0.00098448,-0.00060361,0.00037736
0.083126,838.89,848.04,1617.1,0.00098378,-0.00060157,0.00037809
0.083705,839.92,850.58,1612.5,0.00098309,-0.00059952,0.00037877
0.084283,840.91,852.76,1608.7,0.00098259,-0.00059781,0.00037944
0.08486,841.94,854.25,1605.9,0.00098235,-0.00059668,0.00038012
0.085437,843.08,854.91,1604.4,0.00098242,-0.00059622,0.00038085
0.086014,844.37,854.85,1604,0.00098276,-0.00059637,0.00038165
0.086591,845.83,854.38,1604.3,0.00098332,-0.00059692,0.00038254
0.087168,847.47,853.91,1605,0.00098406,-0.00059764,0.0003835
0.087747,849.26,853.88,1605.6,0.00098492,-0.0005983,0.00038453
0.088325,851.18,854.56,1606.1,0.00098589,-0.00059874,0.00038562
0.088904,853.2,856.03,1606.3,0.00098698,-0.00059893,0.00038676
0.089484,855.32,858.11,1606.3,0.00098819,-0.00059897,0.00038795
0.090064,857.53,860.44,1606.5,0.00098951,-0.00059901,0.00038918
0.090644,859.8,862.58,1607,0.0009909,-0.00059921,0.00039043
0.091225,862.07,864.11,1607.8,0.00099232,-0.0005997,0.00039169
0.091807,864.23,864.79,1609.1,0.00099365,-0.0006005,0.0003929
0.092389,866.15,864.59,1610.5,0.00099482,-0.00060152,0.000394
0.092973,867.7,863.7,1611.9,0.00099572,-0.0006026,0.00039494
0.093557,868.76,862.5,1613,0.00099631,-0.00060351,0.00039565
0.094142,869.29,861.39,1613.4,0.00099656,-0.00060403,0.00039613
0.094727,869.36,860.75,1612.8,0.00099646,-0.000604,0.00039639
0.095312,869.13,860.76,1611.2,0.00099603,-0.00060333,0.00039652
0.095896,868.85,861.45,1608.3,0.00099528,-0.00060204,0.00039662
0.09648,868.78,862.65,1604.2,0.00099424,-0.00060022,0.00039682
0.097062,869.18,864.08,1598.9,0.0009929,-0.00059799,0.00039723
0.097642,870.19,865.5,1592.4,0.00099126,-0.00059548,0.00039793
0.09822,871.85,866.71,1584.9,0.00098933,-0.00059277,0.00039891
0.098796,874.03,867.7,1576.5,0.00098715,-0.0005899,0.00040014
0.099369,876.5,868.58,1567.5,0.00098478,-0.0005869,0.00040151
0.099939,879,869.59,1558.1,0.00098234,-0.00058377,0.00040288
0.10051,881.27,870.99,1548.9,0.00097994,-0.00058051,0.00040415
0.10107,883.12,872.93,1540,0.00097772,-0.00057717,0.00040522
0.10163,884.48,875.44,1531.8,0.00097577,-0.00057384,0.00040608
0.10219,885.41,878.38,1524.4,0.00097412,-0.00057062,0.00040673
0.10274,886.04,881.46,1517.8,0.00097275,-0.00056761,0.00040725
0.1033,886.55,884.32,1512,0.00097159,-0.00056491,0.0004077
0.10385,887.07,886.66,1506.7,0.00097049,-0.00056251,0.00040817
0.1044,887.7,888.27,1501.6,0.00096933,-0.00056038,0.00040869
0.10495,888.45,889.14,1496.4,0.00096797,-0.00055839,0.00040926
0.1055,889.28,889.43,1490.7,0.00096632,-0.00055639,0.00040986
0.10604,890.1,889.42,1484.3,0.00096435,-0.0005542,0.00041046
0.10659,890.84,889.43,1477,0.00096203,-0.00055165,0.00041103
0.10713,891.45,889.74,1468.7,0.00095938,-0.00054864,0.00041154
0.10767,891.97,890.49,1459.4,0.0009564,-0.00054509,0.00041199
0.1082,892.42,891.7,1448.8,0.00095307,-0.00054097,0.00041243
0.10873,892.89,893.25,1436.9,0.00094931,-0.00053629,0.00041286
0.10926,893.39,894.95,1423.6,0.00094507,-0.00053104,0.00041331
0.10978,893.94,896.61,1408.8,0.00094024,-0.00052523,0.00041378
0.1103,894.47,898.12,1392.2,0.00093477,-0.00051884,0.00041424
0.11081,894.92,899.48,1374,0.00092861,-0.00051184,0.00041466
0.11131,895.21,900.76,1354.2,0.00092179,-0.00050422,0.000415
0.1118,895.32,902.09,1332.9,0.00091437,-0.00049597,0.00041526
0.11229,895.28,903.58,1310.3,0.00090645,-0.00048716,0.00041544
0.11277,895.18,905.24,1286.4,0.00089812,-0.00047786,0.00041559
0.11324,895.16,906.99,1261.6,0.00088946,-0.00046819,0.00041578
0.1137,895.34,908.62,1236,0.0008805,-0.00045828,0.00041606
0.11416,895.8,909.87,1209.6,0.00087124,-0.00044824,0.00041646
0.1146,896.52,910.51,1182.5,0.00086163,-0.00043815,0.00041698
0.11503,897.44,910.37,1154.8,0.00085165,-0.00042805,0.00041759
0.11545,898.41,909.45,1126.4,0.00084125,-0.0004179,0.00041821
0.11587,899.29,907.89,1097.5,0.00083047,-0.00040767,0.00041879
0.11627,899.96,905.97,1068.1,0.00081935,-0.00039728,0.00041928
0.11666,900.41,903.98,1038.1,0.00080799,-0.00038668,0.00041965
0.11704,900.7,902.21,1007.8,0.0007965,-0.00037585,0.00041995
0.1174,900.95,900.84,977.2,0.00078495,-0.00036479,0.00042022
0.11776,901.29,899.91,946.25,0.00077341,-0.00035353,0.00042052
0.11811,901.8,899.32,915.02,0.00076188,-0.00034213,0.00042091
0.11844,902.47,898.9,883.48,0.00075031,-0.00033061,0.00042136
0.11876,903.17,898.49,851.63,0.00073862,-0.00031898,0.00042182
0.11907,903.7,897.97,819.45,0.00072674,-0.00030722,0.0004222
0.11937,903.86,897.35,786.91,0.00071461,-0.00029525,0.0004224
0.11966,903.47,896.72,753.99,0.00070221,-0.00028302,0.00042234
0.11993,902.52,896.28,720.66,0.00068956,-0.00027046,0.00042201
0.1202,901.1,896.2,686.89,0.00067671,-0.00025754,0.00042146
0.12044,899.48,896.61,652.66,0.00066376,-0.00024429,0.00042081
0.12068,897.99,897.49,618,0.00065078,-0.0002308,0.00042021
0.1209,896.91,898.67,583.02,0.00063784,-0.00021721,0.0004198
0.12112,896.43,899.88,547.91,0.00062499,-0.00020371,0.00041966
0.12131,896.54,900.77,513.01,0.00061228,-0.0001905,0.00041979
0.1215,897.03,901.02,478.72,0.00059973,-0.00017776,0.0004201
0.12167,897.57,900.43,445.51,0.0005874,-0.00016563,0.00042043
0.12183,897.76,898.97,413.8,0.00057533,-0.00015418,0.00042058
0.12198,897.27,896.77,383.9,0.0005636,-0.00014341,0.00042042
0.12212,895.94,894.15,355.89,0.00055228,-0.00013327,0.00041985
0.12224,893.84,891.48,329.68,0.00054143,-0.00012361,0.00041892
0.12236,891.24,889.14,304.93,0.00053108,-0.00011431,0.00041775
0.12247,888.53,887.39,281.15,0.00052121,-0.00010521,0.00041653
0.12257,886.15,886.37,257.86,0.00051176,-9.6201e-05,0.00041545
0.12266,884.42,886.03,234.63,0.00050264,-8.7205e-05,0.00041468
0.12275,883.48,886.17,211.25,0.00049376,-7.8223e-05,0.00041428
0.12282,883.25,886.5,187.71,0.00048503,-6.9306e-05,0.0004142
0.12289,883.44,886.69,164.25,0.00047639,-6.0548e-05,0.00041431
0.12294,883.63,886.49,141.25,0.00046782,-5.2054e-05,0.00041443
0.12299,883.43,885.74,119.09,0.00045935,-4.3912e-05,0.00041435
0.12303,882.5,884.4,98.07,0.00045099,-3.6161e-05,0.00041393
0.12307,880.7,882.59,78.293,0.00044277,-2.8782e-05,0.0004131
0.12309,878.04,880.46,59.637,0.00043469,-2.1692e-05,0.00041186
0.12311,874.67,878.21,41.795,0.00042672,-1.4771e-05,0.00041029
0.12312,870.81,875.94,24.37,0.00041879,-7.8934e-06,0.00040849
0.12313,866.64,873.66,7.0001,0.00041079,-9.6731e-07,0.00040654
0.12313,862.25,871.2,-10.531,0.00040264,6.0313e-06,0.00040447
0.12312,857.58,868.27,-28.225,0.00039425,1.3043e-05,0.00040228
0.12311,852.48,864.47,-45.868,0.00038557,1.9933e-05,0.00039988
0.12309,846.72,859.38,-63.098,0.00037659,2.6521e-05,0.00039717
0.12306,840.1,852.67,-79.516,0.00036732,3.2631e-05,0.00039406
0.12303,832.47,844.18,-94.808,0.00035782,3.8134e-05,0.00039047
0.12299,823.83,833.93,-108.83,0.00034814,4.2993e-05,0.0003864
0.12295,814.27,822.2,-121.66,0.00033834,4.7273e-05,0.0003819
0.1229,803.98,809.41,-133.54,0.00032848,5.1123e-05,0.00037705
0.12285,793.17,796.1,-144.79,0.0003186,5.4735e-05,0.00037196
0.12279,782.04,782.76,-155.7,0.00030877,5.8288e-05,0.00036672
0.12273,770.71,769.74,-166.43,0.00029904,6.1896e-05,0.00036139
0.12267,759.24,757.2,-176.95,0.00028946,6.5573e-05,0.00035599
0.1226,747.6,745.1,-187.05,0.0002801,6.9233e-05,0.00035051
0.12253,735.72,733.2,-196.4,0.00027101,7.2719e-05,0.00034491
0.12245,723.55,721.2,-204.7,0.00026222,7.5859e-05,0.00033918
0.12238,711.06,708.84,-211.75,0.00025374,7.8522e-05,0.0003333
0.1223,698.27,696,-217.54,0.00024555,8.0668e-05,0.00032728
0.12221,685.25,682.74,-222.23,0.00023761,8.2363e-05,0.00032115
0.12213,672.08,669.28,-226.13,0.00022989,8.3755e-05,0.00031495
0.12205,658.85,655.96,-229.6,0.00022234,8.5027e-05,0.00030873
0.12196,645.64,643.06,-232.89,0.00021497,8.6328e-05,0.00030251
0.12187,632.48,630.75,-236.08,0.00020779,8.7718e-05,0.00029632
0.12178,619.41,618.98,-239.05,0.00020084,8.9133e-05,0.00029017
0.12169,606.42,607.48,-241.52,0.00019415,9.0399e-05,0.00028406
0.1216,593.54,595.83,-243.11,0.00018779,9.128e-05,0.000278
0.12151,580.79,583.6,-243.49,0.00018177,9.1546e-05,0.000272
0.12142,568.2,570.5,-242.49,0.00017611,9.1052e-05,0.00026608
0.12133,555.82,556.51,-240.11,0.0001708,8.9787e-05,0.00026026
0.12124,543.67,541.89,-236.56,0.00016583,8.7882e-05,0.00025455
0.12116,531.79,527.16,-232.15,0.00016123,8.5574e-05,0.00024897
0.12107,520.18,512.99,-227.22,0.00015701,8.3133e-05,0.00024351
0.12099,508.86,499.97,-221.98,0.00015325,8.0779e-05,0.00023819
0.12091,497.86,488.45,-216.5,0.00015001,7.8612e-05,0.00023302
0.12083,487.22,478.5,-210.63,0.00014736,7.6583e-05,0.00022803
0.12075,477.03,469.8,-204.16,0.00014534,7.4516e-05,0.00022324
0.12067,467.37,461.84,-196.82,0.00014394,7.2176e-05,0.0002187
0.1206,458.31,454.04,-188.49,0.00014309,6.9359e-05,0.00021445
0.12053,449.9,445.96,-179.23,0.00014267,6.5979e-05,0.0002105
0.12047,442.12,437.46,-169.34,0.00014254,6.2121e-05,0.00020684
0.12041,434.87,428.76,-159.3,0.00014255,5.8035e-05,0.00020344
0.12035,428.03,420.37,-149.68,0.00014256,5.4081e-05,0.00020023
0.1203,421.45,412.91,-141,0.00014251,5.0633e-05,0.00019714
0.12024,415.02,406.92,-133.59,0.00014236,4.797e-05,0.00019412
0.1202,408.67,402.62,-127.56,0.00014211,4.6198e-05,0.00019114
0.12015,402.44,399.85,-122.76,0.00014179,4.522e-05,0.00018822
0.1201,396.39,398.06,-118.9,0.00014139,4.4772e-05,0.00018538
0.12006,390.65,396.42,-115.61,0.00014088,4.4505e-05,0.00018269
0.12002,385.32,394.11,-112.63,0.0001402,4.4096e-05,0.00018019
0.11998,380.42,390.51,-109.83,0.00013925,4.3355e-05,0.00017789
0.11994,375.89,385.39,-107.3,0.00013793,4.2272e-05,0.00017577
0.1199,371.58,378.96,-105.28,0.00013617,4.1024e-05,0.00017374
0.11986,367.28,371.79,-104.07,0.00013393,3.9902e-05,0.00017173
0.11982,362.79,364.62,-103.91,0.00013126,3.9213e-05,0.00016962
0.11978,358,358.09,-104.87,0.00012825,3.9165e-05,0.00016737
0.11974,352.89,352.56,-106.81,0.00012503,3.9791e-05,0.00016498
0.1197,347.57,347.98,-109.39,0.00012175,4.0926e-05,0.00016249
0.11966,342.25,343.93,-112.14,0.00011852,4.2251e-05,0.00015999
0.11962,337.14,339.76,-114.59,0.00011543,4.3388e-05,0.00015759
0.11958,332.39,334.87,-116.37,0.00011251,4.4018e-05,0.00015537
0.11953,328.04,328.89,-117.29,0.00010975,4.3979e-05,0.00015333
0.11949,323.97,321.87,-117.37,0.00010712,4.3322e-05,0.00015142
0.11944,319.92,314.27,-116.83,0.00010459,4.2291e-05,0.00014952
0.1194,315.57,306.86,-115.96,0.00010216,4.1251e-05,0.00014748
0.11936,310.64,300.44,-115.08,9.9829e-05,4.0573e-05,0.00014517
0.11932,304.99,295.63,-114.4,9.7631e-05,4.0517e-05,0.00014252
0.11927,298.66,292.63,-114.03,9.5588e-05,4.1155e-05,0.00013956
0.11923,291.91,291.17,-113.9,9.3712e-05,4.2341e-05,0.0001364
0.11919,285.13,290.53,-113.87,9.1986e-05,4.3764e-05,0.00013323
0.11915,278.78,289.8,-113.74,9.0372e-05,4.5033e-05,0.00013026
0.1191,273.24,288.13,-113.36,8.8821e-05,4.5794e-05,0.00012766
0.11906,268.69,284.95,-112.6,8.7294e-05,4.5829e-05,0.00012553
0.11902,265.12,280.18,-111.42,8.578e-05,4.5109e-05,0.00012385
0.11898,262.26,274.2,-109.83,8.4308e-05,4.3786e-05,0.00012251
0.11894,259.7,267.76,-107.84,8.2941e-05,4.2138e-05,0.00012131
0.1189,256.99,261.68,-105.49,8.176e-05,4.0473e-05,0.00012004
0.11886,253.76,256.64,-102.79,8.0835e-05,3.9039e-05,0.00011853
0.11882,249.84,252.95,-99.733,8.0193e-05,3.7955e-05,0.00011669
0.11879,245.24,250.5,-96.354,7.9804e-05,3.7195e-05,0.00011454
0.11875,240.2,248.78,-92.723,7.9577e-05,3.6615e-05,0.00011218
